TN:
SF:contracts/ArtStaking.sol
DA:106,58
FN:106,ArtStaking.initialize
FNDA:58,ArtStaking.initialize
DA:112,58
BRDA:112,0,0,-
BRDA:112,0,1,-
DA:113,57
DA:114,0
DA:115,58
DA:116,58
DA:117,58
DA:118,58
DA:130,3
FN:130,ArtStaking.setRewardMultipliers
FNDA:3,ArtStaking.setRewardMultipliers
DA:134,3
DA:135,3
DA:143,3
FN:143,ArtStaking.setStakingEnabledAt
FNDA:3,ArtStaking.setStakingEnabledAt
DA:144,3
BRDA:144,1,0,-
BRDA:144,1,1,-
DA:145,3
DA:153,1
FN:153,ArtStaking.setArtTokenAddress
FNDA:1,ArtStaking.setArtTokenAddress
DA:154,1
BRDA:154,2,0,-
BRDA:154,2,1,-
DA:155,1
DA:162,6
FN:162,ArtStaking.pause
FNDA:6,ArtStaking.pause
DA:163,0
DA:170,2
FN:170,ArtStaking.unpause
FNDA:2,ArtStaking.unpause
DA:171,0
DA:184,21
FN:184,ArtStaking.claimAndStake
FNDA:21,ArtStaking.claimAndStake
DA:189,21
BRDA:189,3,0,-
BRDA:189,3,1,-
DA:190,20
BRDA:190,4,0,-
BRDA:190,4,1,-
DA:191,19
BRDA:191,5,0,19
BRDA:191,5,1,2
DA:192,18
BRDA:192,6,0,-
BRDA:192,6,1,-
DA:194,21
DA:196,17
BRDA:196,7,0,6
DA:197,6
DA:200,11
DA:201,0
DA:210,16
FN:210,ArtStaking.stake
FNDA:16,ArtStaking.stake
DA:211,16
BRDA:211,8,0,-
BRDA:211,8,1,-
DA:212,15
BRDA:212,9,0,-
BRDA:212,9,1,-
DA:213,14
BRDA:213,10,0,-
BRDA:213,10,1,-
DA:215,13
BRDA:215,11,0,13
BRDA:215,11,1,-
DA:216,12
BRDA:216,12,0,12
BRDA:216,12,1,-
DA:217,12
BRDA:217,13,0,10
BRDA:217,13,1,-
DA:219,10
DA:220,10
DA:228,6
FN:228,ArtStaking.unstake
FNDA:6,ArtStaking.unstake
DA:229,6
DA:231,6
DA:232,6
BRDA:232,14,0,-
BRDA:232,14,1,-
DA:234,6
DA:236,5
DA:237,5
DA:238,5
DA:240,5
BRDA:240,15,0,3
DA:241,3
DA:243,2
DA:244,2
DA:247,4
DA:249,4
BRDA:249,16,0,4
BRDA:249,16,1,-
DA:251,4
DA:260,20
FN:260,ArtStaking.isTGEPeriod
FNDA:20,ArtStaking.isTGEPeriod
DA:261,20
DA:273,14
FN:273,ArtStaking.getStakeDetails
FNDA:14,ArtStaking.getStakeDetails
DA:274,14
DA:283,2
FN:283,ArtStaking.getStakingIds
FNDA:2,ArtStaking.getStakingIds
DA:284,2
DA:302,17
FN:302,ArtStaking._performClaim
FNDA:17,ArtStaking._performClaim
DA:306,17
BRDA:306,17,0,17
DA:307,11
DA:308,5
BRDA:308,17,1,5
DA:309,5
DA:310,1
BRDA:310,17,2,1
DA:311,1
DA:320,3
FN:320,ArtStaking._hasStakeMatured
FNDA:3,ArtStaking._hasStakeMatured
DA:321,3
BRDA:321,18,0,-
BRDA:321,18,1,-
DA:329,5
FN:329,ArtStaking.isStandardStaking
FNDA:5,ArtStaking.isStandardStaking
DA:330,5
DA:339,4
FN:339,ArtStaking.calculateArtReward
FNDA:4,ArtStaking.calculateArtReward
DA:340,4
BRDA:340,19,0,2
BRDA:340,19,1,2
DA:341,2
DA:342,2
BRDA:342,20,0,2
DA:343,2
DA:354,21
FN:354,ArtStaking._stake
FNDA:21,ArtStaking._stake
DA:355,21
DA:357,21
DA:366,21
DA:367,21
DA:369,21
FNF:17
FNH:17
LF:83
LH:79
BRF:40
BRH:14
end_of_record
TN:
SF:contracts/mock/ArtTokenMock.sol
DA:10,0
FN:10,AddressCast.toBytes32
FNDA:0,AddressCast.toBytes32
DA:11,0
BRDA:11,0,0,-
DA:12,0
DA:14,0
DA:15,0
DA:19,0
FN:19,AddressCast.toBytes32
FNDA:0,AddressCast.toBytes32
DA:20,0
DA:23,0
FN:23,AddressCast.toBytes
FNDA:0,AddressCast.toBytes
DA:24,0
BRDA:24,1,0,-
DA:25,0
DA:27,0
DA:29,0
DA:34,0
FN:34,AddressCast.toAddress
FNDA:0,AddressCast.toAddress
DA:35,0
DA:38,0
FN:38,AddressCast.toAddress
FNDA:0,AddressCast.toAddress
DA:39,0
BRDA:39,2,0,-
DA:40,0
DA:59,248
FN:59,Context._msgSender
FNDA:248,Context._msgSender
DA:60,248
DA:63,0
FN:63,Context._msgData
FNDA:0,Context._msgData
DA:64,0
DA:67,0
FN:67,Context._contextSuffixLength
FNDA:0,Context._contextSuffixLength
DA:68,0
DA:126,0
FN:126,ECDSA.tryRecover
FNDA:0,ECDSA.tryRecover
DA:130,0
BRDA:130,0,0,-
BRDA:130,0,1,-
DA:131,0
DA:132,0
DA:133,0
DA:137,0
DA:138,0
DA:139,0
DA:141,0
DA:143,0
DA:161,0
FN:161,ECDSA.recover
FNDA:0,ECDSA.recover
DA:162,0
DA:163,0
DA:164,0
DA:172,0
FN:172,ECDSA.tryRecover
FNDA:0,ECDSA.tryRecover
DA:178,0
DA:180,0
DA:181,0
DA:188,0
FN:188,ECDSA.recover
FNDA:0,ECDSA.recover
DA:189,0
DA:190,0
DA:191,0
DA:198,0
FN:198,ECDSA.tryRecover
FNDA:0,ECDSA.tryRecover
DA:213,0
BRDA:213,1,0,-
DA:214,0
DA:218,0
DA:219,0
BRDA:219,2,0,-
DA:220,0
DA:223,0
DA:230,0
FN:230,ECDSA.recover
FNDA:0,ECDSA.recover
DA:231,0
DA:232,0
DA:233,0
DA:239,0
FN:239,ECDSA._throwError
FNDA:0,ECDSA._throwError
DA:240,0
BRDA:240,3,0,-
BRDA:240,3,1,-
DA:241,0
DA:242,0
BRDA:242,4,0,-
BRDA:242,4,1,-
DA:243,0
DA:244,0
BRDA:244,5,0,-
BRDA:244,5,1,-
DA:245,0
DA:246,0
BRDA:246,6,0,-
DA:247,0
DA:266,0
FN:266,FixedPointMathLib.mulWadDown
FNDA:0,FixedPointMathLib.mulWadDown
DA:267,0
DA:270,0
FN:270,FixedPointMathLib.mulWadUp
FNDA:0,FixedPointMathLib.mulWadUp
DA:271,0
DA:274,0
FN:274,FixedPointMathLib.divWadDown
FNDA:0,FixedPointMathLib.divWadDown
DA:275,0
DA:278,0
FN:278,FixedPointMathLib.divWadUp
FNDA:0,FixedPointMathLib.divWadUp
DA:279,0
DA:286,0
FN:286,FixedPointMathLib.mulDivDown
FNDA:0,FixedPointMathLib.mulDivDown
DA:294,0
BRDA:294,0,0,-
DA:295,0
DA:299,0
DA:303,0
FN:303,FixedPointMathLib.mulDivUp
FNDA:0,FixedPointMathLib.mulDivUp
DA:311,0
BRDA:311,1,0,-
DA:312,0
DA:317,0
DA:321,0
FN:321,FixedPointMathLib.rpow
FNDA:0,FixedPointMathLib.rpow
DA:329,0
DA:331,0
DA:333,0
DA:335,0
DA:337,0
DA:340,0
DA:342,0
DA:344,0
DA:346,0
DA:348,0
DA:352,0
DA:356,0
DA:359,0
DA:360,0
DA:363,0
BRDA:363,2,0,-
DA:364,0
DA:368,0
DA:371,0
DA:374,0
BRDA:374,3,0,-
DA:375,0
DA:379,0
DA:382,0
BRDA:382,4,0,-
DA:384,0
DA:387,0
BRDA:387,5,0,-
DA:389,0
BRDA:389,6,0,-
DA:390,0
DA:395,0
DA:398,0
BRDA:398,7,0,-
DA:399,0
DA:403,0
DA:414,0
FN:414,FixedPointMathLib.sqrt
FNDA:0,FixedPointMathLib.sqrt
DA:417,0
DA:419,0
DA:426,0
BRDA:426,8,0,-
DA:427,0
DA:428,0
DA:430,0
BRDA:430,9,0,-
DA:431,0
DA:432,0
DA:434,0
BRDA:434,10,0,-
DA:435,0
DA:436,0
DA:438,0
BRDA:438,11,0,-
DA:439,0
DA:440,0
DA:459,0
DA:462,0
DA:463,0
DA:464,0
DA:465,0
DA:466,0
DA:467,0
DA:468,0
DA:475,0
DA:479,0
FN:479,FixedPointMathLib.unsafeMod
FNDA:0,FixedPointMathLib.unsafeMod
DA:484,0
DA:488,0
FN:488,FixedPointMathLib.unsafeDiv
FNDA:0,FixedPointMathLib.unsafeDiv
DA:493,0
DA:497,0
FN:497,FixedPointMathLib.unsafeDivUp
FNDA:0,FixedPointMathLib.unsafeDivUp
DA:502,0
DA:522,14
FN:522,Hashes.commutativeKeccak256
FNDA:14,Hashes.commutativeKeccak256
DA:523,14
DA:529,14
FN:529,Hashes._efficientKeccak256
FNDA:14,Hashes._efficientKeccak256
DA:531,0
DA:532,0
DA:533,0
DA:1028,0
FN:1028,Nonces.nonces
FNDA:0,Nonces.nonces
DA:1029,0
DA:1037,0
FN:1037,Nonces._useNonce
FNDA:0,Nonces._useNonce
DA:1042,0
DA:1049,0
FN:1049,Nonces._useCheckedNonce
FNDA:0,Nonces._useCheckedNonce
DA:1050,0
DA:1051,0
BRDA:1051,0,0,-
DA:1052,0
DA:1074,0
FN:1074,OFTComposeMsgCodec.encode
FNDA:0,OFTComposeMsgCodec.encode
DA:1080,0
DA:1088,0
FN:1088,OFTComposeMsgCodec.nonce
FNDA:0,OFTComposeMsgCodec.nonce
DA:1089,0
DA:1097,0
FN:1097,OFTComposeMsgCodec.srcEid
FNDA:0,OFTComposeMsgCodec.srcEid
DA:1098,0
DA:1106,0
FN:1106,OFTComposeMsgCodec.amountLD
FNDA:0,OFTComposeMsgCodec.amountLD
DA:1107,0
DA:1115,0
FN:1115,OFTComposeMsgCodec.composeFrom
FNDA:0,OFTComposeMsgCodec.composeFrom
DA:1116,0
DA:1124,0
FN:1124,OFTComposeMsgCodec.composeMsg
FNDA:0,OFTComposeMsgCodec.composeMsg
DA:1125,0
DA:1133,0
FN:1133,OFTComposeMsgCodec.addressToBytes32
FNDA:0,OFTComposeMsgCodec.addressToBytes32
DA:1134,0
DA:1142,0
FN:1142,OFTComposeMsgCodec.bytes32ToAddress
FNDA:0,OFTComposeMsgCodec.bytes32ToAddress
DA:1143,0
DA:1162,0
FN:1162,OFTMsgCodec.encode
FNDA:0,OFTMsgCodec.encode
DA:1167,0
DA:1169,0
DA:1179,0
FN:1179,OFTMsgCodec.isComposed
FNDA:0,OFTMsgCodec.isComposed
DA:1180,0
DA:1188,0
FN:1188,OFTMsgCodec.sendTo
FNDA:0,OFTMsgCodec.sendTo
DA:1189,0
DA:1197,0
FN:1197,OFTMsgCodec.amountSD
FNDA:0,OFTMsgCodec.amountSD
DA:1198,0
DA:1206,0
FN:1206,OFTMsgCodec.composeMsg
FNDA:0,OFTMsgCodec.composeMsg
DA:1207,0
DA:1215,0
FN:1215,OFTMsgCodec.addressToBytes32
FNDA:0,OFTMsgCodec.addressToBytes32
DA:1216,0
DA:1224,0
FN:1224,OFTMsgCodec.bytes32ToAddress
FNDA:0,OFTMsgCodec.bytes32ToAddress
DA:1225,0
DA:1277,0
FN:1277,Panic.panic
FNDA:0,Panic.panic
DA:1279,0
DA:1280,0
DA:1281,0
DA:1334,0
FN:1334,SafeCast.toUint248
FNDA:0,SafeCast.toUint248
DA:1335,0
BRDA:1335,0,0,-
DA:1336,0
DA:1338,0
DA:1351,0
FN:1351,SafeCast.toUint240
FNDA:0,SafeCast.toUint240
DA:1352,0
BRDA:1352,1,0,-
DA:1353,0
DA:1355,0
DA:1368,0
FN:1368,SafeCast.toUint232
FNDA:0,SafeCast.toUint232
DA:1369,0
BRDA:1369,2,0,-
DA:1370,0
DA:1372,0
DA:1385,0
FN:1385,SafeCast.toUint224
FNDA:0,SafeCast.toUint224
DA:1386,0
BRDA:1386,3,0,-
DA:1387,0
DA:1389,0
DA:1402,0
FN:1402,SafeCast.toUint216
FNDA:0,SafeCast.toUint216
DA:1403,0
BRDA:1403,4,0,-
DA:1404,0
DA:1406,0
DA:1419,0
FN:1419,SafeCast.toUint208
FNDA:0,SafeCast.toUint208
DA:1420,0
BRDA:1420,5,0,-
DA:1421,0
DA:1423,0
DA:1436,0
FN:1436,SafeCast.toUint200
FNDA:0,SafeCast.toUint200
DA:1437,0
BRDA:1437,6,0,-
DA:1438,0
DA:1440,0
DA:1453,0
FN:1453,SafeCast.toUint192
FNDA:0,SafeCast.toUint192
DA:1454,0
BRDA:1454,7,0,-
DA:1455,0
DA:1457,0
DA:1470,0
FN:1470,SafeCast.toUint184
FNDA:0,SafeCast.toUint184
DA:1471,0
BRDA:1471,8,0,-
DA:1472,0
DA:1474,0
DA:1487,0
FN:1487,SafeCast.toUint176
FNDA:0,SafeCast.toUint176
DA:1488,0
BRDA:1488,9,0,-
DA:1489,0
DA:1491,0
DA:1504,0
FN:1504,SafeCast.toUint168
FNDA:0,SafeCast.toUint168
DA:1505,0
BRDA:1505,10,0,-
DA:1506,0
DA:1508,0
DA:1521,0
FN:1521,SafeCast.toUint160
FNDA:0,SafeCast.toUint160
DA:1522,0
BRDA:1522,11,0,-
DA:1523,0
DA:1525,0
DA:1538,0
FN:1538,SafeCast.toUint152
FNDA:0,SafeCast.toUint152
DA:1539,0
BRDA:1539,12,0,-
DA:1540,0
DA:1542,0
DA:1555,0
FN:1555,SafeCast.toUint144
FNDA:0,SafeCast.toUint144
DA:1556,0
BRDA:1556,13,0,-
DA:1557,0
DA:1559,0
DA:1572,0
FN:1572,SafeCast.toUint136
FNDA:0,SafeCast.toUint136
DA:1573,0
BRDA:1573,14,0,-
DA:1574,0
DA:1576,0
DA:1589,0
FN:1589,SafeCast.toUint128
FNDA:0,SafeCast.toUint128
DA:1590,0
BRDA:1590,15,0,-
DA:1591,0
DA:1593,0
DA:1606,0
FN:1606,SafeCast.toUint120
FNDA:0,SafeCast.toUint120
DA:1607,0
BRDA:1607,16,0,-
DA:1608,0
DA:1610,0
DA:1623,0
FN:1623,SafeCast.toUint112
FNDA:0,SafeCast.toUint112
DA:1624,0
BRDA:1624,17,0,-
DA:1625,0
DA:1627,0
DA:1640,0
FN:1640,SafeCast.toUint104
FNDA:0,SafeCast.toUint104
DA:1641,0
BRDA:1641,18,0,-
DA:1642,0
DA:1644,0
DA:1657,0
FN:1657,SafeCast.toUint96
FNDA:0,SafeCast.toUint96
DA:1658,0
BRDA:1658,19,0,-
DA:1659,0
DA:1661,0
DA:1674,0
FN:1674,SafeCast.toUint88
FNDA:0,SafeCast.toUint88
DA:1675,0
BRDA:1675,20,0,-
DA:1676,0
DA:1678,0
DA:1691,0
FN:1691,SafeCast.toUint80
FNDA:0,SafeCast.toUint80
DA:1692,0
BRDA:1692,21,0,-
DA:1693,0
DA:1695,0
DA:1708,0
FN:1708,SafeCast.toUint72
FNDA:0,SafeCast.toUint72
DA:1709,0
BRDA:1709,22,0,-
DA:1710,0
DA:1712,0
DA:1725,0
FN:1725,SafeCast.toUint64
FNDA:0,SafeCast.toUint64
DA:1726,0
BRDA:1726,23,0,-
DA:1727,0
DA:1729,0
DA:1742,0
FN:1742,SafeCast.toUint56
FNDA:0,SafeCast.toUint56
DA:1743,0
BRDA:1743,24,0,-
DA:1744,0
DA:1746,0
DA:1759,0
FN:1759,SafeCast.toUint48
FNDA:0,SafeCast.toUint48
DA:1760,0
BRDA:1760,25,0,-
DA:1761,0
DA:1763,0
DA:1776,0
FN:1776,SafeCast.toUint40
FNDA:0,SafeCast.toUint40
DA:1777,0
BRDA:1777,26,0,-
DA:1778,0
DA:1780,0
DA:1793,0
FN:1793,SafeCast.toUint32
FNDA:0,SafeCast.toUint32
DA:1794,0
BRDA:1794,27,0,-
DA:1795,0
DA:1797,0
DA:1810,0
FN:1810,SafeCast.toUint24
FNDA:0,SafeCast.toUint24
DA:1811,0
BRDA:1811,28,0,-
DA:1812,0
DA:1814,0
DA:1827,0
FN:1827,SafeCast.toUint16
FNDA:0,SafeCast.toUint16
DA:1828,0
BRDA:1828,29,0,-
DA:1829,0
DA:1831,0
DA:1844,0
FN:1844,SafeCast.toUint8
FNDA:0,SafeCast.toUint8
DA:1845,0
BRDA:1845,30,0,-
DA:1846,0
DA:1848,0
DA:1858,0
FN:1858,SafeCast.toUint256
FNDA:0,SafeCast.toUint256
DA:1859,0
BRDA:1859,31,0,-
DA:1860,0
DA:1862,0
DA:1876,0
FN:1876,SafeCast.toInt248
FNDA:0,SafeCast.toInt248
DA:1877,0
DA:1878,0
BRDA:1878,32,0,-
DA:1879,0
DA:1894,0
FN:1894,SafeCast.toInt240
FNDA:0,SafeCast.toInt240
DA:1895,0
DA:1896,0
BRDA:1896,33,0,-
DA:1897,0
DA:1912,0
FN:1912,SafeCast.toInt232
FNDA:0,SafeCast.toInt232
DA:1913,0
DA:1914,0
BRDA:1914,34,0,-
DA:1915,0
DA:1930,0
FN:1930,SafeCast.toInt224
FNDA:0,SafeCast.toInt224
DA:1931,0
DA:1932,0
BRDA:1932,35,0,-
DA:1933,0
DA:1948,0
FN:1948,SafeCast.toInt216
FNDA:0,SafeCast.toInt216
DA:1949,0
DA:1950,0
BRDA:1950,36,0,-
DA:1951,0
DA:1966,0
FN:1966,SafeCast.toInt208
FNDA:0,SafeCast.toInt208
DA:1967,0
DA:1968,0
BRDA:1968,37,0,-
DA:1969,0
DA:1984,0
FN:1984,SafeCast.toInt200
FNDA:0,SafeCast.toInt200
DA:1985,0
DA:1986,0
BRDA:1986,38,0,-
DA:1987,0
DA:2002,0
FN:2002,SafeCast.toInt192
FNDA:0,SafeCast.toInt192
DA:2003,0
DA:2004,0
BRDA:2004,39,0,-
DA:2005,0
DA:2020,0
FN:2020,SafeCast.toInt184
FNDA:0,SafeCast.toInt184
DA:2021,0
DA:2022,0
BRDA:2022,40,0,-
DA:2023,0
DA:2038,0
FN:2038,SafeCast.toInt176
FNDA:0,SafeCast.toInt176
DA:2039,0
DA:2040,0
BRDA:2040,41,0,-
DA:2041,0
DA:2056,0
FN:2056,SafeCast.toInt168
FNDA:0,SafeCast.toInt168
DA:2057,0
DA:2058,0
BRDA:2058,42,0,-
DA:2059,0
DA:2074,0
FN:2074,SafeCast.toInt160
FNDA:0,SafeCast.toInt160
DA:2075,0
DA:2076,0
BRDA:2076,43,0,-
DA:2077,0
DA:2092,0
FN:2092,SafeCast.toInt152
FNDA:0,SafeCast.toInt152
DA:2093,0
DA:2094,0
BRDA:2094,44,0,-
DA:2095,0
DA:2110,0
FN:2110,SafeCast.toInt144
FNDA:0,SafeCast.toInt144
DA:2111,0
DA:2112,0
BRDA:2112,45,0,-
DA:2113,0
DA:2128,0
FN:2128,SafeCast.toInt136
FNDA:0,SafeCast.toInt136
DA:2129,0
DA:2130,0
BRDA:2130,46,0,-
DA:2131,0
DA:2146,0
FN:2146,SafeCast.toInt128
FNDA:0,SafeCast.toInt128
DA:2147,0
DA:2148,0
BRDA:2148,47,0,-
DA:2149,0
DA:2164,0
FN:2164,SafeCast.toInt120
FNDA:0,SafeCast.toInt120
DA:2165,0
DA:2166,0
BRDA:2166,48,0,-
DA:2167,0
DA:2182,0
FN:2182,SafeCast.toInt112
FNDA:0,SafeCast.toInt112
DA:2183,0
DA:2184,0
BRDA:2184,49,0,-
DA:2185,0
DA:2200,0
FN:2200,SafeCast.toInt104
FNDA:0,SafeCast.toInt104
DA:2201,0
DA:2202,0
BRDA:2202,50,0,-
DA:2203,0
DA:2218,0
FN:2218,SafeCast.toInt96
FNDA:0,SafeCast.toInt96
DA:2219,0
DA:2220,0
BRDA:2220,51,0,-
DA:2221,0
DA:2236,0
FN:2236,SafeCast.toInt88
FNDA:0,SafeCast.toInt88
DA:2237,0
DA:2238,0
BRDA:2238,52,0,-
DA:2239,0
DA:2254,0
FN:2254,SafeCast.toInt80
FNDA:0,SafeCast.toInt80
DA:2255,0
DA:2256,0
BRDA:2256,53,0,-
DA:2257,0
DA:2272,0
FN:2272,SafeCast.toInt72
FNDA:0,SafeCast.toInt72
DA:2273,0
DA:2274,0
BRDA:2274,54,0,-
DA:2275,0
DA:2290,0
FN:2290,SafeCast.toInt64
FNDA:0,SafeCast.toInt64
DA:2291,0
DA:2292,0
BRDA:2292,55,0,-
DA:2293,0
DA:2308,0
FN:2308,SafeCast.toInt56
FNDA:0,SafeCast.toInt56
DA:2309,0
DA:2310,0
BRDA:2310,56,0,-
DA:2311,0
DA:2326,0
FN:2326,SafeCast.toInt48
FNDA:0,SafeCast.toInt48
DA:2327,0
DA:2328,0
BRDA:2328,57,0,-
DA:2329,0
DA:2344,0
FN:2344,SafeCast.toInt40
FNDA:0,SafeCast.toInt40
DA:2345,0
DA:2346,0
BRDA:2346,58,0,-
DA:2347,0
DA:2362,0
FN:2362,SafeCast.toInt32
FNDA:0,SafeCast.toInt32
DA:2363,0
DA:2364,0
BRDA:2364,59,0,-
DA:2365,0
DA:2380,0
FN:2380,SafeCast.toInt24
FNDA:0,SafeCast.toInt24
DA:2381,0
DA:2382,0
BRDA:2382,60,0,-
DA:2383,0
DA:2398,0
FN:2398,SafeCast.toInt16
FNDA:0,SafeCast.toInt16
DA:2399,0
DA:2400,0
BRDA:2400,61,0,-
DA:2401,0
DA:2416,0
FN:2416,SafeCast.toInt8
FNDA:0,SafeCast.toInt8
DA:2417,0
DA:2418,0
BRDA:2418,62,0,-
DA:2419,0
DA:2430,0
FN:2430,SafeCast.toInt256
FNDA:0,SafeCast.toInt256
DA:2432,0
BRDA:2432,63,0,-
DA:2433,0
DA:2435,0
DA:2441,0
FN:2441,SafeCast.toUint
FNDA:0,SafeCast.toUint
DA:2443,0
DA:2512,0
FN:2512,StorageSlot.getAddressSlot
FNDA:0,StorageSlot.getAddressSlot
DA:2514,0
DA:2521,0
FN:2521,StorageSlot.getBooleanSlot
FNDA:0,StorageSlot.getBooleanSlot
DA:2523,0
DA:2530,0
FN:2530,StorageSlot.getBytes32Slot
FNDA:0,StorageSlot.getBytes32Slot
DA:2532,0
DA:2539,0
FN:2539,StorageSlot.getUint256Slot
FNDA:0,StorageSlot.getUint256Slot
DA:2541,0
DA:2548,0
FN:2548,StorageSlot.getInt256Slot
FNDA:0,StorageSlot.getInt256Slot
DA:2550,0
DA:2557,0
FN:2557,StorageSlot.getStringSlot
FNDA:0,StorageSlot.getStringSlot
DA:2559,0
DA:2566,0
FN:2566,StorageSlot.getStringSlot
FNDA:0,StorageSlot.getStringSlot
DA:2568,0
DA:2575,0
FN:2575,StorageSlot.getBytesSlot
FNDA:0,StorageSlot.getBytesSlot
DA:2577,0
DA:2584,0
FN:2584,StorageSlot.getBytesSlot
FNDA:0,StorageSlot.getBytesSlot
DA:2586,0
DA:2826,14
FN:2826,MerkleProof.verify
FNDA:14,MerkleProof.verify
DA:2827,14
DA:2838,14
FN:2838,MerkleProof.processProof
FNDA:14,MerkleProof.processProof
DA:2839,14
DA:2840,14
DA:2841,14
DA:2843,0
DA:2854,0
FN:2854,MerkleProof.verify
FNDA:0,MerkleProof.verify
DA:2860,0
DA:2871,0
FN:2871,MerkleProof.processProof
FNDA:0,MerkleProof.processProof
DA:2876,0
DA:2877,0
DA:2878,0
DA:2880,0
DA:2891,0
FN:2891,MerkleProof.verifyCalldata
FNDA:0,MerkleProof.verifyCalldata
DA:2892,0
DA:2903,0
FN:2903,MerkleProof.processProofCalldata
FNDA:0,MerkleProof.processProofCalldata
DA:2904,0
DA:2905,0
DA:2906,0
DA:2908,0
DA:2919,0
FN:2919,MerkleProof.verifyCalldata
FNDA:0,MerkleProof.verifyCalldata
DA:2925,0
DA:2936,0
FN:2936,MerkleProof.processProofCalldata
FNDA:0,MerkleProof.processProofCalldata
DA:2941,0
DA:2942,0
DA:2943,0
DA:2945,0
DA:2959,0
FN:2959,MerkleProof.multiProofVerify
FNDA:0,MerkleProof.multiProofVerify
DA:2965,0
DA:2984,0
FN:2984,MerkleProof.processMultiProof
FNDA:0,MerkleProof.processMultiProof
DA:2993,0
DA:2994,0
DA:2997,0
BRDA:2997,0,0,-
DA:2998,0
DA:3003,0
DA:3004,0
DA:3005,0
DA:3006,0
DA:3012,0
DA:3013,0
DA:3014,0
DA:3017,0
DA:3020,0
BRDA:3020,1,0,-
BRDA:3020,1,1,-
DA:3021,0
BRDA:3021,2,0,-
DA:3022,0
DA:3025,0
DA:3027,0
BRDA:3027,3,0,-
BRDA:3027,3,1,-
DA:3028,0
DA:3030,0
DA:3045,0
FN:3045,MerkleProof.multiProofVerify
FNDA:0,MerkleProof.multiProofVerify
DA:3052,0
DA:3071,0
FN:3071,MerkleProof.processMultiProof
FNDA:0,MerkleProof.processMultiProof
DA:3081,0
DA:3082,0
DA:3085,0
BRDA:3085,4,0,-
DA:3086,0
DA:3091,0
DA:3092,0
DA:3093,0
DA:3094,0
DA:3100,0
DA:3101,0
DA:3102,0
DA:3105,0
DA:3108,0
BRDA:3108,5,0,-
BRDA:3108,5,1,-
DA:3109,0
BRDA:3109,6,0,-
DA:3110,0
DA:3113,0
DA:3115,0
BRDA:3115,7,0,-
BRDA:3115,7,1,-
DA:3116,0
DA:3118,0
DA:3133,0
FN:3133,MerkleProof.multiProofVerifyCalldata
FNDA:0,MerkleProof.multiProofVerifyCalldata
DA:3139,0
DA:3158,0
FN:3158,MerkleProof.processMultiProofCalldata
FNDA:0,MerkleProof.processMultiProofCalldata
DA:3167,0
DA:3168,0
DA:3171,0
BRDA:3171,8,0,-
DA:3172,0
DA:3177,0
DA:3178,0
DA:3179,0
DA:3180,0
DA:3186,0
DA:3187,0
DA:3188,0
DA:3191,0
DA:3194,0
BRDA:3194,9,0,-
BRDA:3194,9,1,-
DA:3195,0
BRDA:3195,10,0,-
DA:3196,0
DA:3199,0
DA:3201,0
BRDA:3201,11,0,-
BRDA:3201,11,1,-
DA:3202,0
DA:3204,0
DA:3219,0
FN:3219,MerkleProof.multiProofVerifyCalldata
FNDA:0,MerkleProof.multiProofVerifyCalldata
DA:3226,0
DA:3245,0
FN:3245,MerkleProof.processMultiProofCalldata
FNDA:0,MerkleProof.processMultiProofCalldata
DA:3255,0
DA:3256,0
DA:3259,0
BRDA:3259,12,0,-
DA:3260,0
DA:3265,0
DA:3266,0
DA:3267,0
DA:3268,0
DA:3274,0
DA:3275,0
DA:3276,0
DA:3279,0
DA:3282,0
BRDA:3282,13,0,-
BRDA:3282,13,1,-
DA:3283,0
BRDA:3283,14,0,-
DA:3284,0
DA:3287,0
DA:3289,0
BRDA:3289,15,0,-
BRDA:3289,15,1,-
DA:3290,0
DA:3292,0
DA:3331,58
FN:3331,Ownable.constructor
FNDA:58,Ownable.constructor
DA:3332,58
BRDA:3332,0,0,-
DA:3333,0
DA:3335,58
DA:3341,20
FN:3341,Ownable.onlyOwner
FNDA:20,Ownable.onlyOwner
DA:3342,0
DA:3349,192
FN:3349,Ownable.owner
FNDA:192,Ownable.owner
DA:3350,192
DA:3356,192
FN:3356,Ownable._checkOwner
FNDA:192,Ownable._checkOwner
DA:3357,192
BRDA:3357,1,0,-
DA:3358,0
DA:3369,0
FN:3369,Ownable.renounceOwnership
FNDA:0,Ownable.renounceOwnership
DA:3370,0
DA:3377,0
FN:3377,Ownable.transferOwnership
FNDA:0,Ownable.transferOwnership
DA:3378,0
BRDA:3378,2,0,-
DA:3379,0
DA:3381,0
DA:3388,58
FN:3388,Ownable._transferOwnership
FNDA:58,Ownable._transferOwnership
DA:3389,58
DA:3390,58
DA:3391,58
DA:3443,116
FN:3443,ShortStrings.toShortString
FNDA:116,ShortStrings.toShortString
DA:3444,116
DA:3445,116
BRDA:3445,0,0,-
DA:3446,0
DA:3448,116
DA:3454,0
FN:3454,ShortStrings.toString
FNDA:0,ShortStrings.toString
DA:3455,0
DA:3457,0
DA:3459,0
DA:3460,0
DA:3462,0
DA:3468,0
FN:3468,ShortStrings.byteLength
FNDA:0,ShortStrings.byteLength
DA:3469,0
DA:3470,0
BRDA:3470,1,0,-
DA:3471,0
DA:3473,0
DA:3479,116
FN:3479,ShortStrings.toShortStringWithFallback
FNDA:116,ShortStrings.toShortStringWithFallback
DA:3480,116
BRDA:3480,2,0,116
BRDA:3480,2,1,-
DA:3481,116
DA:3483,0
DA:3484,0
DA:3491,0
FN:3491,ShortStrings.toStringWithFallback
FNDA:0,ShortStrings.toStringWithFallback
DA:3492,0
BRDA:3492,3,0,-
BRDA:3492,3,1,-
DA:3493,0
DA:3495,0
DA:3506,0
FN:3506,ShortStrings.byteLengthWithFallback
FNDA:0,ShortStrings.byteLengthWithFallback
DA:3507,0
BRDA:3507,4,0,-
BRDA:3507,4,1,-
DA:3508,0
DA:3510,0
DA:3530,0
FN:3530,SignedMath.ternary
FNDA:0,SignedMath.ternary
DA:3535,0
DA:3542,0
FN:3542,SignedMath.max
FNDA:0,SignedMath.max
DA:3543,0
DA:3549,0
FN:3549,SignedMath.min
FNDA:0,SignedMath.min
DA:3550,0
DA:3557,0
FN:3557,SignedMath.average
FNDA:0,SignedMath.average
DA:3559,0
DA:3560,0
DA:3566,0
FN:3566,SignedMath.abs
FNDA:0,SignedMath.abs
DA:3573,0
DA:3576,0
DA:3620,0
FN:3620,Math.tryAdd
FNDA:0,Math.tryAdd
DA:3622,0
DA:3623,0
DA:3624,0
DA:3631,0
FN:3631,Math.trySub
FNDA:0,Math.trySub
DA:3633,0
DA:3634,0
DA:3641,0
FN:3641,Math.tryMul
FNDA:0,Math.tryMul
DA:3646,0
DA:3647,0
DA:3648,0
DA:3649,0
DA:3656,0
FN:3656,Math.tryDiv
FNDA:0,Math.tryDiv
DA:3658,0
DA:3659,0
DA:3666,0
FN:3666,Math.tryMod
FNDA:0,Math.tryMod
DA:3668,0
DA:3669,0
DA:3680,0
FN:3680,Math.ternary
FNDA:0,Math.ternary
DA:3685,0
DA:3692,0
FN:3692,Math.max
FNDA:0,Math.max
DA:3693,0
DA:3699,0
FN:3699,Math.min
FNDA:0,Math.min
DA:3700,0
DA:3707,0
FN:3707,Math.average
FNDA:0,Math.average
DA:3709,0
DA:3718,0
FN:3718,Math.ceilDiv
FNDA:0,Math.ceilDiv
DA:3719,0
BRDA:3719,6,0,-
DA:3721,0
DA:3730,0
DA:3741,0
FN:3741,Math.mulDiv
FNDA:0,Math.mulDiv
DA:3746,0
DA:3747,0
DA:3749,0
DA:3750,0
DA:3754,0
BRDA:3754,7,0,-
DA:3758,0
DA:3762,0
BRDA:3762,8,0,-
DA:3763,0
DA:3771,0
DA:3774,0
DA:3777,0
DA:3778,0
DA:3784,0
DA:3787,0
DA:3790,0
DA:3793,0
DA:3797,0
DA:3802,0
DA:3806,0
DA:3807,0
DA:3808,0
DA:3809,0
DA:3810,0
DA:3811,0
DA:3817,0
DA:3818,0
DA:3825,0
FN:3825,Math.mulDiv
FNDA:0,Math.mulDiv
DA:3826,0
DA:3840,0
FN:3840,Math.invMod
FNDA:0,Math.invMod
DA:3842,0
DA:3852,0
DA:3853,0
DA:3858,0
DA:3859,0
DA:3861,0
DA:3862,0
DA:3864,0
DA:3873,0
DA:3883,0
DA:3884,0
DA:3897,0
FN:3897,Math.invModPrime
FNDA:0,Math.invModPrime
DA:3899,0
DA:3916,0
FN:3916,Math.modExp
FNDA:0,Math.modExp
DA:3917,0
DA:3918,0
BRDA:3918,11,0,-
DA:3919,0
DA:3921,0
DA:3934,0
FN:3934,Math.tryModExp
FNDA:0,Math.tryModExp
DA:3935,0
DA:3937,0
DA:3946,0
DA:3947,0
DA:3948,0
DA:3949,0
DA:3950,0
DA:3951,0
DA:3955,0
DA:3956,0
DA:3963,0
FN:3963,Math.modExp
FNDA:0,Math.modExp
DA:3964,0
DA:3965,0
BRDA:3965,13,0,-
DA:3966,0
DA:3968,0
DA:3974,0
FN:3974,Math.tryModExp
FNDA:0,Math.tryModExp
DA:3979,0
DA:3981,0
DA:3984,0
DA:3987,0
DA:3989,0
DA:3992,0
DA:3994,0
DA:4001,0
FN:4001,Math._zeroBytes
FNDA:0,Math._zeroBytes
DA:4002,0
DA:4003,0
BRDA:4003,15,0,-
DA:4004,0
DA:4007,0
DA:4017,0
FN:4017,Math.sqrt
FNDA:0,Math.sqrt
DA:4020,0
BRDA:4020,16,0,-
DA:4021,0
DA:4036,0
DA:4037,0
DA:4039,0
BRDA:4039,17,0,-
DA:4040,0
DA:4041,0
DA:4043,0
BRDA:4043,18,0,-
DA:4044,0
DA:4045,0
DA:4047,0
BRDA:4047,19,0,-
DA:4048,0
DA:4049,0
DA:4051,0
BRDA:4051,20,0,-
DA:4052,0
DA:4053,0
DA:4055,0
BRDA:4055,21,0,-
DA:4056,0
DA:4057,0
DA:4059,0
BRDA:4059,22,0,-
DA:4060,0
DA:4061,0
DA:4063,0
BRDA:4063,23,0,-
DA:4064,0
DA:4072,0
DA:4109,0
DA:4110,0
DA:4111,0
DA:4112,0
DA:4113,0
DA:4114,0
DA:4119,0
DA:4126,0
FN:4126,Math.sqrt
FNDA:0,Math.sqrt
DA:4128,0
DA:4129,0
DA:4137,0
FN:4137,Math.log2
FNDA:0,Math.log2
DA:4138,0
DA:4139,0
DA:4141,0
DA:4142,0
DA:4143,0
DA:4145,0
DA:4146,0
DA:4147,0
DA:4149,0
DA:4150,0
DA:4151,0
DA:4153,0
DA:4154,0
DA:4155,0
DA:4157,0
DA:4158,0
DA:4159,0
DA:4161,0
DA:4162,0
DA:4163,0
DA:4165,0
DA:4166,0
DA:4167,0
DA:4169,0
DA:4171,0
DA:4178,0
FN:4178,Math.log2
FNDA:0,Math.log2
DA:4180,0
DA:4181,0
DA:4189,0
FN:4189,Math.log10
FNDA:0,Math.log10
DA:4190,0
DA:4192,0
BRDA:4192,24,0,-
DA:4193,0
DA:4194,0
DA:4196,0
BRDA:4196,25,0,-
DA:4197,0
DA:4198,0
DA:4200,0
BRDA:4200,26,0,-
DA:4201,0
DA:4202,0
DA:4204,0
BRDA:4204,27,0,-
DA:4205,0
DA:4206,0
DA:4208,0
BRDA:4208,28,0,-
DA:4209,0
DA:4210,0
DA:4212,0
BRDA:4212,29,0,-
DA:4213,0
DA:4214,0
DA:4216,0
BRDA:4216,30,0,-
DA:4217,0
DA:4220,0
DA:4227,0
FN:4227,Math.log10
FNDA:0,Math.log10
DA:4229,0
DA:4230,0
DA:4240,0
FN:4240,Math.log256
FNDA:0,Math.log256
DA:4241,0
DA:4242,0
DA:4244,0
DA:4245,0
DA:4246,0
DA:4248,0
DA:4249,0
DA:4250,0
DA:4252,0
DA:4253,0
DA:4254,0
DA:4256,0
DA:4257,0
DA:4258,0
DA:4260,0
DA:4262,0
DA:4269,0
FN:4269,Math.log256
FNDA:0,Math.log256
DA:4271,0
DA:4272,0
DA:4279,0
FN:4279,Math.unsignedRoundsUp
FNDA:0,Math.unsignedRoundsUp
DA:4280,0
DA:4313,0
FN:4313,Ownable2Step.pendingOwner
FNDA:0,Ownable2Step.pendingOwner
DA:4314,0
DA:4323,0
FN:4323,Ownable2Step.transferOwnership
FNDA:0,Ownable2Step.transferOwnership
DA:4324,0
DA:4325,0
DA:4332,58
FN:4332,Ownable2Step._transferOwnership
FNDA:58,Ownable2Step._transferOwnership
DA:4333,58
DA:4334,58
DA:4340,0
FN:4340,Ownable2Step.acceptOwnership
FNDA:0,Ownable2Step.acceptOwnership
DA:4341,0
DA:4342,0
BRDA:4342,0,0,-
DA:4343,0
DA:4345,0
DA:4440,0
FN:4440,OAppOptionsType3.setEnforcedOptions
FNDA:0,OAppOptionsType3.setEnforcedOptions
DA:4441,0
DA:4453,0
FN:4453,OAppOptionsType3._setEnforcedOptions
FNDA:0,OAppOptionsType3._setEnforcedOptions
DA:4454,0
DA:4456,0
DA:4457,0
DA:4460,0
DA:4475,0
FN:4475,OAppOptionsType3.combineOptions
FNDA:0,OAppOptionsType3.combineOptions
DA:4480,0
DA:4483,0
DA:4486,0
DA:4489,0
BRDA:4489,2,0,-
DA:4490,0
DA:4492,0
DA:4496,0
DA:4503,0
FN:4503,OAppOptionsType3._assertOptionsType3
FNDA:0,OAppOptionsType3._assertOptionsType3
DA:4504,0
DA:4506,0
DA:4508,0
BRDA:4508,3,0,-
DA:4565,0
FN:4565,ArtTokenCore.getClaimableSupply
FNDA:0,ArtTokenCore.getClaimableSupply
DA:4566,0
DA:4572,0
FN:4572,ArtTokenCore.claimDetailsByAccount
FNDA:0,ArtTokenCore.claimDetailsByAccount
DA:4573,0
DA:4578,11
FN:4578,ArtTokenCore.isTGEActive
FNDA:11,ArtTokenCore.isTGEActive
DA:4579,11
DA:4586,0
FN:4586,ArtTokenCore.claimingPeriods
FNDA:0,ArtTokenCore.claimingPeriods
DA:4587,0
DA:4588,0
DA:4589,0
DA:4596,0
FN:4596,ArtTokenCore.calculateDailyRelease
FNDA:0,ArtTokenCore.calculateDailyRelease
DA:4597,0
DA:4598,0
DA:4599,0
DA:4608,0
FN:4608,ArtTokenCore.verifyMerkleProof
FNDA:0,ArtTokenCore.verifyMerkleProof
DA:4609,0
DA:4610,0
BRDA:4610,0,0,-
BRDA:4610,0,1,-
DA:4617,0
FN:4617,ArtTokenCore.calculateReleaseAmount
FNDA:0,ArtTokenCore.calculateReleaseAmount
DA:4618,0
DA:4621,0
DA:4622,0
BRDA:4622,1,0,-
DA:4623,0
DA:4627,0
BRDA:4627,2,0,-
DA:4628,0
BRDA:4628,3,0,-
BRDA:4628,3,1,-
DA:4629,0
DA:4630,0
DA:4631,0
DA:4635,0
BRDA:4635,4,0,-
BRDA:4635,4,1,-
DA:4636,0
BRDA:4636,5,0,-
BRDA:4636,5,1,-
DA:4637,0
DA:4638,0
DA:4640,0
DA:4647,0
FN:4647,ArtTokenCore.formatToE18
FNDA:0,ArtTokenCore.formatToE18
DA:4648,0
BRDA:4648,6,0,-
BRDA:4648,6,1,-
DA:4649,0
DA:4691,58
FN:4691,ERC20.constructor
FNDA:58,ERC20.constructor
DA:4692,58
DA:4693,58
DA:4699,0
FN:4699,ERC20.name
FNDA:0,ERC20.name
DA:4700,0
DA:4707,0
FN:4707,ERC20.symbol
FNDA:0,ERC20.symbol
DA:4708,0
DA:4724,0
FN:4724,ERC20.decimals
FNDA:0,ERC20.decimals
DA:4725,0
DA:4731,169
FN:4731,ERC20.totalSupply
FNDA:169,ERC20.totalSupply
DA:4732,169
DA:4738,14
FN:4738,ERC20.balanceOf
FNDA:14,ERC20.balanceOf
DA:4739,14
DA:4750,4
FN:4750,ERC20.transfer
FNDA:4,ERC20.transfer
DA:4751,4
DA:4752,4
DA:4753,4
DA:4759,23
FN:4759,ERC20.allowance
FNDA:23,ERC20.allowance
DA:4760,23
DA:4773,27
FN:4773,ERC20.approve
FNDA:27,ERC20.approve
DA:4774,27
DA:4775,27
DA:4776,27
DA:4795,10
FN:4795,ERC20.transferFrom
FNDA:10,ERC20.transferFrom
DA:4796,10
DA:4797,10
DA:4798,10
DA:4799,10
DA:4812,14
FN:4812,ERC20._transfer
FNDA:14,ERC20._transfer
DA:4813,14
BRDA:4813,0,0,-
DA:4814,0
DA:4816,14
BRDA:4816,1,0,-
DA:4817,0
DA:4819,14
DA:4829,113
FN:4829,ERC20._update
FNDA:113,ERC20._update
DA:4830,113
BRDA:4830,2,0,99
BRDA:4830,2,1,-
DA:4832,99
DA:4834,14
DA:4835,14
BRDA:4835,3,0,-
DA:4836,0
DA:4840,14
DA:4844,99
BRDA:4844,4,0,-
BRDA:4844,4,1,113
DA:4847,0
DA:4852,113
DA:4856,99
DA:4867,99
FN:4867,ERC20._mint
FNDA:99,ERC20._mint
DA:4868,99
BRDA:4868,5,0,-
DA:4869,0
DA:4871,99
DA:4882,0
FN:4882,ERC20._burn
FNDA:0,ERC20._burn
DA:4883,0
BRDA:4883,6,0,-
DA:4884,0
DA:4886,0
DA:4904,27
FN:4904,ERC20._approve
FNDA:27,ERC20._approve
DA:4905,27
DA:4926,37
FN:4926,ERC20._approve
FNDA:37,ERC20._approve
DA:4927,37
BRDA:4927,7,0,-
DA:4928,0
DA:4930,37
BRDA:4930,8,0,-
DA:4931,0
DA:4933,37
DA:4934,27
BRDA:4934,9,0,27
DA:4935,27
DA:4947,10
FN:4947,ERC20._spendAllowance
FNDA:10,ERC20._spendAllowance
DA:4948,10
DA:4949,10
BRDA:4949,10,0,10
DA:4950,10
BRDA:4950,11,0,-
DA:4951,0
DA:4954,10
DA:5157,0
FN:5157,Strings.toString
FNDA:0,Strings.toString
DA:5159,0
DA:5160,0
DA:5161,0
DA:5163,0
DA:5166,0
DA:5168,0
DA:5170,0
DA:5171,0
DA:5173,0
DA:5180,0
FN:5180,Strings.toStringSigned
FNDA:0,Strings.toStringSigned
DA:5181,0
DA:5187,0
FN:5187,Strings.toHexString
FNDA:0,Strings.toHexString
DA:5189,0
DA:5196,0
FN:5196,Strings.toHexString
FNDA:0,Strings.toHexString
DA:5197,0
DA:5198,0
DA:5199,0
DA:5200,0
DA:5201,0
DA:5202,0
DA:5203,0
DA:5205,0
BRDA:5205,1,0,-
DA:5206,0
DA:5208,0
DA:5215,0
FN:5215,Strings.toHexString
FNDA:0,Strings.toHexString
DA:5216,0
DA:5223,0
FN:5223,Strings.toChecksumHexString
FNDA:0,Strings.toChecksumHexString
DA:5224,0
DA:5227,0
DA:5229,0
DA:5232,0
DA:5234,0
BRDA:5234,2,0,-
DA:5236,0
DA:5238,0
DA:5240,0
DA:5246,0
FN:5246,Strings.equal
FNDA:0,Strings.equal
DA:5247,0
DA:5257,0
FN:5257,Strings.parseUint
FNDA:0,Strings.parseUint
DA:5258,0
DA:5269,0
FN:5269,Strings.parseUint
FNDA:0,Strings.parseUint
DA:5270,0
DA:5271,0
BRDA:5271,3,0,-
DA:5272,0
DA:5280,0
FN:5280,Strings.tryParseUint
FNDA:0,Strings.tryParseUint
DA:5281,0
DA:5290,0
FN:5290,Strings.tryParseUint
FNDA:0,Strings.tryParseUint
DA:5295,0
DA:5296,0
DA:5303,0
FN:5303,Strings._tryParseUintUncheckedBounds
FNDA:0,Strings._tryParseUintUncheckedBounds
DA:5308,0
DA:5310,0
DA:5311,0
DA:5312,0
DA:5313,0
DA:5314,0
DA:5315,0
DA:5317,0
DA:5327,0
FN:5327,Strings.parseInt
FNDA:0,Strings.parseInt
DA:5328,0
DA:5339,0
FN:5339,Strings.parseInt
FNDA:0,Strings.parseInt
DA:5340,0
DA:5341,0
BRDA:5341,6,0,-
DA:5342,0
DA:5351,0
FN:5351,Strings.tryParseInt
FNDA:0,Strings.tryParseInt
DA:5352,0
DA:5363,0
FN:5363,Strings.tryParseInt
FNDA:0,Strings.tryParseInt
DA:5368,0
DA:5369,0
DA:5376,0
FN:5376,Strings._tryParseIntUncheckedBounds
FNDA:0,Strings._tryParseIntUncheckedBounds
DA:5381,0
DA:5384,0
DA:5385,0
DA:5386,0
DA:5387,0
DA:5389,0
DA:5391,0
BRDA:5391,8,0,-
BRDA:5391,8,1,-
DA:5392,0
DA:5393,0
BRDA:5393,9,0,-
BRDA:5393,9,1,-
DA:5394,0
DA:5395,0
DA:5405,0
FN:5405,Strings.parseHexUint
FNDA:0,Strings.parseHexUint
DA:5406,0
DA:5417,0
FN:5417,Strings.parseHexUint
FNDA:0,Strings.parseHexUint
DA:5418,0
DA:5419,0
BRDA:5419,10,0,-
DA:5420,0
DA:5428,0
FN:5428,Strings.tryParseHexUint
FNDA:0,Strings.tryParseHexUint
DA:5429,0
DA:5438,0
FN:5438,Strings.tryParseHexUint
FNDA:0,Strings.tryParseHexUint
DA:5443,0
DA:5444,0
DA:5451,0
FN:5451,Strings._tryParseHexUintUncheckedBounds
FNDA:0,Strings._tryParseHexUintUncheckedBounds
DA:5456,0
DA:5459,0
DA:5460,0
DA:5462,0
DA:5463,0
DA:5464,0
DA:5465,0
DA:5466,0
DA:5470,0
DA:5473,0
DA:5482,0
FN:5482,Strings.parseAddress
FNDA:0,Strings.parseAddress
DA:5483,0
DA:5493,0
FN:5493,Strings.parseAddress
FNDA:0,Strings.parseAddress
DA:5494,0
DA:5495,0
BRDA:5495,13,0,-
DA:5496,0
DA:5503,0
FN:5503,Strings.tryParseAddress
FNDA:0,Strings.tryParseAddress
DA:5504,0
DA:5511,0
FN:5511,Strings.tryParseAddress
FNDA:0,Strings.tryParseAddress
DA:5516,0
DA:5518,0
DA:5519,0
DA:5522,0
BRDA:5522,15,0,-
BRDA:5522,15,1,-
DA:5524,0
DA:5525,0
DA:5527,0
DA:5531,0
FN:5531,Strings._tryParseChr
FNDA:0,Strings._tryParseChr
DA:5532,0
DA:5540,0
BRDA:5540,16,0,-
BRDA:5540,16,1,-
DA:5541,0
BRDA:5541,17,0,-
BRDA:5541,17,1,-
DA:5542,0
BRDA:5542,18,0,-
BRDA:5542,18,1,-
DA:5543,0
DA:5546,0
DA:5555,0
FN:5555,Strings._unsafeReadBytesOffset
FNDA:0,Strings._unsafeReadBytesOffset
DA:5558,0
DA:5587,58
FN:5587,ERC20Capped.constructor
FNDA:58,ERC20Capped.constructor
DA:5588,58
BRDA:5588,0,0,-
DA:5589,0
DA:5591,58
DA:5597,0
FN:5597,ERC20Capped.cap
FNDA:0,ERC20Capped.cap
DA:5598,0
DA:5604,113
FN:5604,ERC20Capped._update
FNDA:113,ERC20Capped._update
DA:5605,113
DA:5607,113
BRDA:5607,1,0,99
DA:5608,99
DA:5609,99
DA:5610,99
BRDA:5610,2,0,-
DA:5611,0
DA:5708,0
FN:5708,MessageHashUtils.toEthSignedMessageHash
FNDA:0,MessageHashUtils.toEthSignedMessageHash
DA:5710,0
DA:5711,0
DA:5712,0
DA:5726,0
FN:5726,MessageHashUtils.toEthSignedMessageHash
FNDA:0,MessageHashUtils.toEthSignedMessageHash
DA:5727,0
DA:5728,0
DA:5740,0
FN:5740,MessageHashUtils.toDataWithIntendedValidatorHash
FNDA:0,MessageHashUtils.toDataWithIntendedValidatorHash
DA:5741,0
DA:5753,0
FN:5753,MessageHashUtils.toTypedDataHash
FNDA:0,MessageHashUtils.toTypedDataHash
DA:5755,0
DA:5756,0
DA:5757,0
DA:5758,0
DA:5759,0
DA:5792,0
FN:5792,SafeERC20.safeTransfer
FNDA:0,SafeERC20.safeTransfer
DA:5793,0
DA:5800,0
FN:5800,SafeERC20.safeTransferFrom
FNDA:0,SafeERC20.safeTransferFrom
DA:5801,0
DA:5813,0
FN:5813,SafeERC20.safeIncreaseAllowance
FNDA:0,SafeERC20.safeIncreaseAllowance
DA:5814,0
DA:5815,0
DA:5827,0
FN:5827,SafeERC20.safeDecreaseAllowance
FNDA:0,SafeERC20.safeDecreaseAllowance
DA:5829,0
DA:5830,0
BRDA:5830,0,0,-
DA:5831,0
DA:5833,0
DA:5846,0
FN:5846,SafeERC20.forceApprove
FNDA:0,SafeERC20.forceApprove
DA:5847,0
DA:5849,0
BRDA:5849,1,0,-
DA:5850,0
DA:5851,0
DA:5862,0
FN:5862,SafeERC20.transferAndCallRelaxed
FNDA:0,SafeERC20.transferAndCallRelaxed
DA:5863,0
BRDA:5863,2,0,-
BRDA:5863,2,1,-
DA:5864,0
DA:5865,0
BRDA:5865,3,0,-
DA:5866,0
DA:5877,0
FN:5877,SafeERC20.transferFromAndCallRelaxed
FNDA:0,SafeERC20.transferFromAndCallRelaxed
DA:5884,0
BRDA:5884,4,0,-
BRDA:5884,4,1,-
DA:5885,0
DA:5886,0
BRDA:5886,5,0,-
DA:5887,0
DA:5902,0
FN:5902,SafeERC20.approveAndCallRelaxed
FNDA:0,SafeERC20.approveAndCallRelaxed
DA:5903,0
BRDA:5903,6,0,-
BRDA:5903,6,1,-
DA:5904,0
DA:5905,0
BRDA:5905,7,0,-
DA:5906,0
DA:5918,0
FN:5918,SafeERC20._callOptionalReturn
FNDA:0,SafeERC20._callOptionalReturn
DA:5919,0
DA:5920,0
DA:5922,0
DA:5924,0
BRDA:5924,8,0,-
DA:5925,0
DA:5926,0
DA:5927,0
DA:5929,0
DA:5930,0
DA:5933,0
BRDA:5933,9,0,-
DA:5934,0
DA:5946,0
FN:5946,SafeERC20._callOptionalReturnBool
FNDA:0,SafeERC20._callOptionalReturnBool
DA:5947,0
DA:5948,0
DA:5949,0
DA:5951,0
DA:5952,0
DA:5953,0
DA:5955,0
DA:6034,58
FN:6034,OAppCore.constructor
FNDA:58,OAppCore.constructor
DA:6035,58
DA:6037,58
BRDA:6037,0,0,-
DA:6038,58
DA:6051,0
FN:6051,OAppCore.setPeer
FNDA:0,OAppCore.setPeer
DA:6052,0
DA:6064,0
FN:6064,OAppCore._setPeer
FNDA:0,OAppCore._setPeer
DA:6065,0
DA:6066,0
DA:6075,0
FN:6075,OAppCore._getPeerOrRevert
FNDA:0,OAppCore._getPeerOrRevert
DA:6076,0
DA:6077,0
BRDA:6077,1,0,-
DA:6078,0
DA:6088,0
FN:6088,OAppCore.setDelegate
FNDA:0,OAppCore.setDelegate
DA:6089,0
DA:6153,58
FN:6153,EIP712.constructor
FNDA:58,EIP712.constructor
DA:6154,58
DA:6155,58
DA:6156,58
DA:6157,58
DA:6159,58
DA:6160,58
DA:6161,58
DA:6167,0
FN:6167,EIP712._domainSeparatorV4
FNDA:0,EIP712._domainSeparatorV4
DA:6168,0
BRDA:6168,0,0,-
BRDA:6168,0,1,-
DA:6169,0
DA:6171,0
DA:6175,58
FN:6175,EIP712._buildDomainSeparator
FNDA:58,EIP712._buildDomainSeparator
DA:6176,58
DA:6194,0
FN:6194,EIP712._hashTypedDataV4
FNDA:0,EIP712._hashTypedDataV4
DA:6195,0
DA:6201,0
FN:6201,EIP712.eip712Domain
FNDA:0,EIP712.eip712Domain
DA:6215,0
DA:6233,0
FN:6233,EIP712._EIP712Name
FNDA:0,EIP712._EIP712Name
DA:6234,0
DA:6244,0
FN:6244,EIP712._EIP712Version
FNDA:0,EIP712._EIP712Version
DA:6245,0
DA:6271,0
FN:6271,PacketV1Codec.encode
FNDA:0,PacketV1Codec.encode
DA:6272,0
DA:6284,0
FN:6284,PacketV1Codec.encodePacketHeader
FNDA:0,PacketV1Codec.encodePacketHeader
DA:6285,0
DA:6286,0
DA:6296,0
FN:6296,PacketV1Codec.encodePayload
FNDA:0,PacketV1Codec.encodePayload
DA:6297,0
DA:6300,0
FN:6300,PacketV1Codec.header
FNDA:0,PacketV1Codec.header
DA:6301,0
DA:6304,0
FN:6304,PacketV1Codec.version
FNDA:0,PacketV1Codec.version
DA:6305,0
DA:6308,0
FN:6308,PacketV1Codec.nonce
FNDA:0,PacketV1Codec.nonce
DA:6309,0
DA:6312,0
FN:6312,PacketV1Codec.srcEid
FNDA:0,PacketV1Codec.srcEid
DA:6313,0
DA:6316,0
FN:6316,PacketV1Codec.sender
FNDA:0,PacketV1Codec.sender
DA:6317,0
DA:6320,0
FN:6320,PacketV1Codec.senderAddressB20
FNDA:0,PacketV1Codec.senderAddressB20
DA:6321,0
DA:6324,0
FN:6324,PacketV1Codec.dstEid
FNDA:0,PacketV1Codec.dstEid
DA:6325,0
DA:6328,0
FN:6328,PacketV1Codec.receiver
FNDA:0,PacketV1Codec.receiver
DA:6329,0
DA:6332,0
FN:6332,PacketV1Codec.receiverB20
FNDA:0,PacketV1Codec.receiverB20
DA:6333,0
DA:6336,0
FN:6336,PacketV1Codec.guid
FNDA:0,PacketV1Codec.guid
DA:6337,0
DA:6340,0
FN:6340,PacketV1Codec.message
FNDA:0,PacketV1Codec.message
DA:6341,0
DA:6344,0
FN:6344,PacketV1Codec.payload
FNDA:0,PacketV1Codec.payload
DA:6345,0
DA:6348,0
FN:6348,PacketV1Codec.payloadHash
FNDA:0,PacketV1Codec.payloadHash
DA:6349,0
DA:6382,0
FN:6382,PacketDecoder.decode
FNDA:0,PacketDecoder.decode
DA:6383,0
DA:6384,0
DA:6385,0
DA:6386,0
DA:6387,0
DA:6396,0
FN:6396,PacketDecoder.decode
FNDA:0,PacketDecoder.decode
DA:6400,0
DA:6401,0
DA:6402,0
DA:6403,0
DA:6405,0
DA:6486,0
FN:6486,OAppReceiver.oAppVersion
FNDA:0,OAppReceiver.oAppVersion
DA:6487,0
DA:6503,0
FN:6503,OAppReceiver.isComposeMsgSender
FNDA:0,OAppReceiver.isComposeMsgSender
DA:6508,0
DA:6520,0
FN:6520,OAppReceiver.allowInitializePath
FNDA:0,OAppReceiver.allowInitializePath
DA:6521,0
DA:6535,0
FN:6535,OAppReceiver.nextNonce
FNDA:0,OAppReceiver.nextNonce
DA:6536,0
DA:6552,0
FN:6552,OAppReceiver.lzReceive
FNDA:0,OAppReceiver.lzReceive
DA:6560,0
BRDA:6560,0,0,-
DA:6563,0
BRDA:6563,1,0,-
DA:6566,0
DA:6598,0
FN:6598,OAppPreCrimeSimulator.oApp
FNDA:0,OAppPreCrimeSimulator.oApp
DA:6599,0
DA:6606,0
FN:6606,OAppPreCrimeSimulator.setPreCrime
FNDA:0,OAppPreCrimeSimulator.setPreCrime
DA:6607,0
DA:6608,0
DA:6619,0
FN:6619,OAppPreCrimeSimulator.lzReceiveAndRevert
FNDA:0,OAppPreCrimeSimulator.lzReceiveAndRevert
DA:6620,0
DA:6621,0
DA:6624,0
DA:6633,0
DA:6643,0
DA:6658,0
FN:6658,OAppPreCrimeSimulator.lzReceiveSimulate
FNDA:0,OAppPreCrimeSimulator.lzReceiveSimulate
DA:6666,0
BRDA:6666,1,0,-
DA:6667,0
DA:6727,0
FN:6727,OAppSender.oAppVersion
FNDA:0,OAppSender.oAppVersion
DA:6728,0
DA:6741,0
FN:6741,OAppSender._quote
FNDA:0,OAppSender._quote
DA:6747,0
DA:6748,0
DA:6768,0
FN:6768,OAppSender._lzSend
FNDA:0,OAppSender._lzSend
DA:6776,0
DA:6777,0
BRDA:6777,0,0,-
DA:6779,0
DA:6781,0
DA:6798,0
FN:6798,OAppSender._payNative
FNDA:0,OAppSender._payNative
DA:6799,0
BRDA:6799,1,0,-
DA:6800,0
DA:6810,0
FN:6810,OAppSender._payLzToken
FNDA:0,OAppSender._payLzToken
DA:6812,0
DA:6813,0
BRDA:6813,2,0,-
DA:6816,0
DA:7002,0
FN:7002,ERC20Permit.permit
FNDA:0,ERC20Permit.permit
DA:7011,0
BRDA:7011,0,0,-
DA:7012,0
DA:7015,0
DA:7017,0
DA:7019,0
DA:7020,0
BRDA:7020,1,0,-
DA:7021,0
DA:7024,0
DA:7030,0
FN:7030,ERC20Permit.nonces
FNDA:0,ERC20Permit.nonces
DA:7031,0
DA:7038,0
FN:7038,ERC20Permit.DOMAIN_SEPARATOR
FNDA:0,ERC20Permit.DOMAIN_SEPARATOR
DA:7039,0
DA:7068,0
FN:7068,OApp.oAppVersion
FNDA:0,OApp.oAppVersion
DA:7075,0
DA:7120,58
FN:7120,OFTCore.constructor
FNDA:58,OFTCore.constructor
DA:7121,58
BRDA:7121,0,0,-
DA:7122,58
DA:7135,0
FN:7135,OFTCore.oftVersion
FNDA:0,OFTCore.oftVersion
DA:7136,0
DA:7149,58
FN:7149,OFTCore.sharedDecimals
FNDA:58,OFTCore.sharedDecimals
DA:7150,58
DA:7160,0
FN:7160,OFTCore.setMsgInspector
FNDA:0,OFTCore.setMsgInspector
DA:7161,0
DA:7162,0
DA:7172,0
FN:7172,OFTCore.quoteOFT
FNDA:0,OFTCore.quoteOFT
DA:7180,0
DA:7181,0
DA:7182,0
DA:7185,0
DA:7191,0
DA:7196,0
DA:7209,0
FN:7209,OFTCore.quoteSend
FNDA:0,OFTCore.quoteSend
DA:7215,0
DA:7218,0
DA:7221,0
DA:7239,0
FN:7239,OFTCore.send
FNDA:0,OFTCore.send
DA:7244,0
DA:7262,0
FN:7262,OFTCore._send
FNDA:0,OFTCore._send
DA:7270,0
DA:7278,0
DA:7281,0
DA:7283,0
DA:7285,0
DA:7295,0
FN:7295,OFTCore._buildMsgAndOptions
FNDA:0,OFTCore._buildMsgAndOptions
DA:7299,0
DA:7301,0
DA:7309,0
DA:7311,0
DA:7315,0
DA:7316,0
BRDA:7316,1,0,-
DA:7330,0
FN:7330,OFTCore._lzReceive
FNDA:0,OFTCore._lzReceive
DA:7339,0
DA:7341,0
DA:7343,0
BRDA:7343,2,0,-
DA:7345,0
DA:7357,0
DA:7360,0
DA:7377,0
FN:7377,OFTCore._lzReceiveSimulate
FNDA:0,OFTCore._lzReceiveSimulate
DA:7384,0
DA:7395,0
FN:7395,OFTCore.isPeer
FNDA:0,OFTCore.isPeer
DA:7396,0
DA:7407,0
FN:7407,OFTCore._removeDust
FNDA:0,OFTCore._removeDust
DA:7408,0
DA:7416,0
FN:7416,OFTCore._toLD
FNDA:0,OFTCore._toLD
DA:7417,0
DA:7425,0
FN:7425,OFTCore._toSD
FNDA:0,OFTCore._toSD
DA:7426,0
DA:7439,0
FN:7439,OFTCore._debitView
FNDA:0,OFTCore._debitView
DA:7445,0
DA:7447,0
DA:7450,0
BRDA:7450,3,0,-
DA:7451,0
DA:7518,0
FN:7518,OFT.token
FNDA:0,OFT.token
DA:7519,0
DA:7528,0
FN:7528,OFT.approvalRequired
FNDA:0,OFT.approvalRequired
DA:7529,0
DA:7541,0
FN:7541,OFT._debit
FNDA:0,OFT._debit
DA:7547,0
DA:7553,0
DA:7563,0
FN:7563,OFT._credit
FNDA:0,OFT._credit
DA:7568,0
BRDA:7568,0,0,-
DA:7570,0
DA:7572,0
DA:7593,58
FN:7593,ArtTokenMock.constructor
FNDA:58,ArtTokenMock.constructor
DA:7605,58
BRDA:7605,0,0,58
DA:7606,58
DA:7617,30
FN:7617,ArtTokenMock.mint
FNDA:30,ArtTokenMock.mint
DA:7618,30
DA:7625,70
FN:7625,ArtTokenMock.setClaimableSupply
FNDA:70,ArtTokenMock.setClaimableSupply
DA:7626,70
BRDA:7626,1,0,-
BRDA:7626,1,1,-
DA:7627,70
DA:7628,70
DA:7635,15
FN:7635,ArtTokenMock.setMerkleRoot
FNDA:15,ArtTokenMock.setMerkleRoot
DA:7636,15
DA:7643,57
FN:7643,ArtTokenMock.setTgeEnabledAt
FNDA:57,ArtTokenMock.setTgeEnabledAt
DA:7644,57
BRDA:7644,2,0,-
BRDA:7644,2,1,-
DA:7645,57
DA:7652,20
FN:7652,ArtTokenMock.setStakingContractAddress
FNDA:20,ArtTokenMock.setStakingContractAddress
DA:7653,20
BRDA:7653,3,0,-
BRDA:7653,3,1,-
DA:7654,20
DA:7661,0
FN:7661,ArtTokenMock.setTgeStartTime
FNDA:0,ArtTokenMock.setTgeStartTime
DA:7662,0
BRDA:7662,4,0,-
BRDA:7662,4,1,-
DA:7663,0
DA:7670,0
FN:7670,ArtTokenMock.setTgeClaimPercentage
FNDA:0,ArtTokenMock.setTgeClaimPercentage
DA:7671,0
BRDA:7671,5,0,-
BRDA:7671,5,1,-
DA:7672,0
BRDA:7672,6,0,-
BRDA:7672,6,1,-
DA:7673,0
DA:7684,0
FN:7684,ArtTokenMock.claim
FNDA:0,ArtTokenMock.claim
DA:7685,0
BRDA:7685,7,0,-
BRDA:7685,7,1,-
DA:7687,0
DA:7688,0
DA:7690,0
DA:7693,0
BRDA:7693,8,0,-
DA:7694,0
DA:7695,0
DA:7698,0
DA:7707,16
FN:7707,ArtTokenMock.claimFor
FNDA:16,ArtTokenMock.claimFor
DA:7710,16
BRDA:7710,9,0,-
BRDA:7710,9,1,-
DA:7711,16
BRDA:7711,10,0,-
BRDA:7711,10,1,-
DA:7712,15
BRDA:7712,11,0,-
BRDA:7712,11,1,-
DA:7715,14
DA:7717,16
BRDA:7717,12,0,-
BRDA:7717,12,1,-
DA:7718,13
BRDA:7718,13,0,-
BRDA:7718,13,1,-
DA:7719,12
BRDA:7719,14,0,-
BRDA:7719,14,1,-
DA:7721,16
DA:7722,11
DA:7724,16
DA:7733,0
FN:7733,ArtTokenMock.burn
FNDA:0,ArtTokenMock.burn
DA:7734,0
DA:7735,0
DA:7743,0
FN:7743,ArtTokenMock.burnFrom
FNDA:0,ArtTokenMock.burnFrom
DA:7744,0
DA:7745,0
DA:7746,0
DA:7756,11
FN:7756,ArtTokenMock._processClaim
FNDA:11,ArtTokenMock._processClaim
DA:7757,11
DA:7759,11
BRDA:7759,15,0,-
BRDA:7759,15,1,-
DA:7761,11
BRDA:7761,16,0,11
DA:7762,11
DA:7765,11
DA:7766,11
DA:7767,11
DA:7768,11
DA:7770,11
DA:7778,113
FN:7778,ArtTokenMock._update
FNDA:113,ArtTokenMock._update
DA:7779,113
DA:7785,0
FN:7785,ArtTokenMock.transferOwnership
FNDA:0,ArtTokenMock.transferOwnership
DA:7786,0
DA:7792,58
FN:7792,ArtTokenMock._transferOwnership
FNDA:58,ArtTokenMock._transferOwnership
DA:7793,58
DA:7800,116
FN:7800,ArtTokenMock.decimals
FNDA:116,ArtTokenMock.decimals
DA:7801,116
DA:7808,169
FN:7808,ArtTokenMock.cap
FNDA:169,ArtTokenMock.cap
DA:7809,169
FNF:347
FNH:46
LF:1489
LH:160
BRF:258
BRH:8
end_of_record
TN:
SF:test/ClaimStake.t.sol
DA:257,1
FN:257,MaliciousArtToken.claimFor
FNDA:1,MaliciousArtToken.claimFor
DA:259,0
FNF:1
FNH:1
LF:2
LH:1
BRF:0
BRH:0
end_of_record
TN:
SF:test/ContractUnderTest.sol
DA:23,58
FN:23,ContractUnderTest.setUp
FNDA:58,ContractUnderTest.setUp
DA:25,58
DA:26,58
DA:27,58
DA:29,58
DA:30,58
DA:31,58
DA:32,58
DA:34,58
DA:36,58
DA:37,58
DA:39,58
DA:40,58
DA:42,58
DA:45,57
FN:45,ContractUnderTest._initializeArtStakingContract
FNDA:57,ContractUnderTest._initializeArtStakingContract
DA:46,57
DA:48,57
DA:49,57
DA:50,57
DA:51,57
DA:53,57
DA:60,57
DA:61,57
DA:63,57
DA:66,15
FN:66,ContractUnderTest._claimerDetails
FNDA:15,ContractUnderTest._claimerDetails
DA:71,15
DA:72,15
DA:73,15
DA:76,15
BRDA:76,0,0,-
DA:77,0
DA:78,0
DA:79,0
DA:83,15
DA:86,15
DA:87,15
DA:89,15
DA:90,15
DA:91,15
DA:94,30
FN:94,ContractUnderTest._mintArtToken
FNDA:30,ContractUnderTest._mintArtToken
DA:95,30
DA:96,30
DA:97,30
DA:100,26
FN:100,ContractUnderTest._approveArtToken
FNDA:26,ContractUnderTest._approveArtToken
DA:101,26
DA:104,20
FN:104,ContractUnderTest._setStakingContractAddress
FNDA:20,ContractUnderTest._setStakingContractAddress
DA:105,20
DA:106,20
DA:107,20
DA:110,70
FN:110,ContractUnderTest._setClaimableSupply
FNDA:70,ContractUnderTest._setClaimableSupply
DA:111,70
DA:112,70
DA:113,70
DA:116,3
FN:116,ContractUnderTest._pause
FNDA:3,ContractUnderTest._pause
DA:117,3
DA:118,3
DA:119,3
DA:122,1
FN:122,ContractUnderTest._setArtTokenAddress
FNDA:1,ContractUnderTest._setArtTokenAddress
DA:123,1
DA:124,1
DA:125,1
DA:128,3
FN:128,ContractUnderTest._setStakingEnabledAt
FNDA:3,ContractUnderTest._setStakingEnabledAt
DA:129,3
DA:130,3
DA:131,3
DA:134,57
FN:134,ContractUnderTest._enableArtTokenTGE
FNDA:57,ContractUnderTest._enableArtTokenTGE
DA:135,57
DA:136,57
DA:137,57
DA:140,3
FN:140,ContractUnderTest._setRewardMultipliers
FNDA:3,ContractUnderTest._setRewardMultipliers
DA:141,3
DA:142,3
DA:143,3
FNF:12
FNH:12
LF:72
LH:69
BRF:1
BRH:0
end_of_record
